<?xml version="1.0" encoding="UTF-8"?>
<testsuite xmlns:xsi="http://www.w3.org/2001/XMLSchema-instance" xsi:noNamespaceSchemaLocation="https://maven.apache.org/surefire/maven-surefire-plugin/xsd/surefire-test-report-3.0.xsd" version="3.0" name="TestSuite" time="7.968" tests="1" errors="0" skipped="0" failures="1">
  <properties>
[...]
</properties>
  <testcase name="createB2BOrder[khoa.le@onpoint.vn, 1234](1)" classname="com.lkhoaa.testCases.B2B.CreateB2BOrder" time="6.356">
    <failure message="no such element: Unable to locate element: {&quot;method&quot;:&quot;css selector&quot;,&quot;selector&quot;:&quot;.open &gt; .flatpickr-innerContainer &gt; .flatpickr-rContainer &gt; .flatpickr-days &gt; .dayContainer &gt; [aria-label=&quot;April 30, 2023&quot;]&quot;}&#10;  (Session info: chrome=114.0.5735.133)&#10;For documentation on this error, please visit: https://www.seleniumhq.org/exceptions/no_such_element.html&#10;Build info: version: &apos;3.141.59&apos;, revision: &apos;e82be7d358&apos;, time: &apos;2018-11-14T08:17:03&apos;&#10;System info: host: &apos;Les-MacBook-Pro&apos;, ip: &apos;2405:4802:913f:7820:ffff:ffff:ffff:fff5%en0&apos;, os.name: &apos;Mac OS X&apos;, os.arch: &apos;aarch64&apos;, os.version: &apos;13.6&apos;, java.version: &apos;11.0.20&apos;&#10;Driver info: org.openqa.selenium.chrome.ChromeDriver&#10;Capabilities {acceptInsecureCerts: false, browserName: chrome, browserVersion: 114.0.5735.133, chrome: {chromedriverVersion: 114.0.5735.90 (386bc09e8f4f..., userDataDir: /var/folders/6q/h7zm4kv13tn...}, goog:chromeOptions: {debuggerAddress: localhost:49185}, javascriptEnabled: true, networkConnectionEnabled: false, pageLoadStrategy: normal, platform: MAC, platformName: MAC, proxy: Proxy(), setWindowRect: true, strictFileInteractability: false, timeouts: {implicit: 0, pageLoad: 300000, script: 30000}, unhandledPromptBehavior: dismiss and notify, webauthn:extension:credBlob: true, webauthn:extension:largeBlob: true, webauthn:extension:minPinLength: true, webauthn:extension:prf: true, webauthn:virtualAuthenticators: true}&#10;Session ID: 5a12a6cd42c8b8f649eb61c406a9d80d&#10;*** Element info: {Using=css selector, value=.open &gt; .flatpickr-innerContainer &gt; .flatpickr-rContainer &gt; .flatpickr-days &gt; .dayContainer &gt; [aria-label=&quot;April 30, 2023&quot;]}" type="org.openqa.selenium.NoSuchElementException"><![CDATA[org.openqa.selenium.NoSuchElementException: 
no such element: Unable to locate element: {"method":"css selector","selector":".open > .flatpickr-innerContainer > .flatpickr-rContainer > .flatpickr-days > .dayContainer > [aria-label="April 30, 2023"]"}
  (Session info: chrome=114.0.5735.133)
For documentation on this error, please visit: https://www.seleniumhq.org/exceptions/no_such_element.html
Build info: version: '3.141.59', revision: 'e82be7d358', time: '2018-11-14T08:17:03'
System info: host: 'Les-MacBook-Pro', ip: '2405:4802:913f:7820:ffff:ffff:ffff:fff5%en0', os.name: 'Mac OS X', os.arch: 'aarch64', os.version: '13.6', java.version: '11.0.20'
Driver info: org.openqa.selenium.chrome.ChromeDriver
Capabilities {acceptInsecureCerts: false, browserName: chrome, browserVersion: 114.0.5735.133, chrome: {chromedriverVersion: 114.0.5735.90 (386bc09e8f4f..., userDataDir: /var/folders/6q/h7zm4kv13tn...}, goog:chromeOptions: {debuggerAddress: localhost:49185}, javascriptEnabled: true, networkConnectionEnabled: false, pageLoadStrategy: normal, platform: MAC, platformName: MAC, proxy: Proxy(), setWindowRect: true, strictFileInteractability: false, timeouts: {implicit: 0, pageLoad: 300000, script: 30000}, unhandledPromptBehavior: dismiss and notify, webauthn:extension:credBlob: true, webauthn:extension:largeBlob: true, webauthn:extension:minPinLength: true, webauthn:extension:prf: true, webauthn:virtualAuthenticators: true}
Session ID: 5a12a6cd42c8b8f649eb61c406a9d80d
*** Element info: {Using=css selector, value=.open > .flatpickr-innerContainer > .flatpickr-rContainer > .flatpickr-days > .dayContainer > [aria-label="April 30, 2023"]}
	at com.lkhoaa.testCases.B2B.CreateB2BOrder.createB2BOrder(CreateB2BOrder.java:28)
]]></failure>
    <system-out><![CDATA[[Configuration] [WARN] Detected a static method [com.lkhoaa.driver.DriverBase.initWebdriverObject()]. Static configuration methods can cause  unexpected behavior.
]]></system-out>
    <system-err><![CDATA[Starting ChromeDriver 114.0.5735.90 (386bc09e8f4f2e025eddae123f36f6263096ae49-refs/branch-heads/5735@{#1052}) on port 19265
Only local connections are allowed.
Please see https://chromedriver.chromium.org/security-considerations for suggestions on keeping ChromeDriver safe.
ChromeDriver was started successfully.
Nov 15, 2023 11:57:40 PM org.openqa.selenium.remote.ProtocolHandshake createSession
INFO: Detected dialect: W3C
]]></system-err>
  </testcase>
</testsuite>