<?xml version="1.0" encoding="UTF-8"?>
<testsuite xmlns:xsi="http://www.w3.org/2001/XMLSchema-instance" xsi:noNamespaceSchemaLocation="https://maven.apache.org/surefire/maven-surefire-plugin/xsd/surefire-test-report-3.0.xsd" version="3.0" name="TestSuite" time="16.984" tests="2" errors="0" skipped="0" failures="2">
  <properties>
[...]
</properties>
  <testcase name="createB2COrder" classname="com.lkhoaa.testCases.outbound.CreateB2COrder" time="7.565">
    <failure message="element click intercepted: Element &lt;label class=&quot;custom-control-label&quot; for=&quot;ghnundefined&quot;&gt;...&lt;/label&gt; is not clickable at point (102, 783). Other element would receive the click: &lt;div class=&quot;delivery-method-row&quot;&gt;...&lt;/div&gt;&#10;  (Session info: chrome=126.0.6478.127)&#10;Build info: version: &apos;3.141.59&apos;, revision: &apos;e82be7d358&apos;, time: &apos;2018-11-14T08:17:03&apos;&#10;System info: host: &apos;OP-LT-0404.local&apos;, ip: &apos;fe80:0:0:0:ac:9749:b1ba:8647%en0&apos;, os.name: &apos;Mac OS X&apos;, os.arch: &apos;aarch64&apos;, os.version: &apos;14.5&apos;, java.version: &apos;11.0.20&apos;&#10;Driver info: org.openqa.selenium.chrome.ChromeDriver&#10;Capabilities {acceptInsecureCerts: false, browserName: chrome, browserVersion: 126.0.6478.127, chrome: {chromedriverVersion: 126.0.6478.126 (d36ace6122e..., userDataDir: /var/folders/6q/h7zm4kv13tn...}, fedcm:accounts: true, goog:chromeOptions: {debuggerAddress: localhost:54737}, javascriptEnabled: true, networkConnectionEnabled: false, pageLoadStrategy: normal, platform: MAC, platformName: MAC, proxy: Proxy(), setWindowRect: true, strictFileInteractability: false, timeouts: {implicit: 0, pageLoad: 300000, script: 30000}, unhandledPromptBehavior: dismiss and notify, webauthn:extension:credBlob: true, webauthn:extension:largeBlob: true, webauthn:extension:minPinLength: true, webauthn:extension:prf: true, webauthn:virtualAuthenticators: true}&#10;Session ID: ee2f8ea3c38662246f112ca7ce680bce" type="org.openqa.selenium.ElementClickInterceptedException"><![CDATA[org.openqa.selenium.ElementClickInterceptedException: 
element click intercepted: Element <label class="custom-control-label" for="ghnundefined">...</label> is not clickable at point (102, 783). Other element would receive the click: <div class="delivery-method-row">...</div>
  (Session info: chrome=126.0.6478.127)
Build info: version: '3.141.59', revision: 'e82be7d358', time: '2018-11-14T08:17:03'
System info: host: 'OP-LT-0404.local', ip: 'fe80:0:0:0:ac:9749:b1ba:8647%en0', os.name: 'Mac OS X', os.arch: 'aarch64', os.version: '14.5', java.version: '11.0.20'
Driver info: org.openqa.selenium.chrome.ChromeDriver
Capabilities {acceptInsecureCerts: false, browserName: chrome, browserVersion: 126.0.6478.127, chrome: {chromedriverVersion: 126.0.6478.126 (d36ace6122e..., userDataDir: /var/folders/6q/h7zm4kv13tn...}, fedcm:accounts: true, goog:chromeOptions: {debuggerAddress: localhost:54737}, javascriptEnabled: true, networkConnectionEnabled: false, pageLoadStrategy: normal, platform: MAC, platformName: MAC, proxy: Proxy(), setWindowRect: true, strictFileInteractability: false, timeouts: {implicit: 0, pageLoad: 300000, script: 30000}, unhandledPromptBehavior: dismiss and notify, webauthn:extension:credBlob: true, webauthn:extension:largeBlob: true, webauthn:extension:minPinLength: true, webauthn:extension:prf: true, webauthn:virtualAuthenticators: true}
Session ID: ee2f8ea3c38662246f112ca7ce680bce
	at com.lkhoaa.testCases.outbound.CreateB2COrder.createB2COrder(CreateB2COrder.java:48)
]]></failure>
    <system-out><![CDATA[[Configuration] [WARN] Detected a static method [com.lkhoaa.driver.DriverBase.initWebdriverObject()]. Static configuration methods can cause  unexpected behavior.
Loading Url
Select first product
Input full name
Input email
Input phone
Select province
Select district
Select type
Input address
Select delivery method
]]></system-out>
    <system-err><![CDATA[SSttaarrtintg iCnhgr oCmhreoDmreiDvreirv e1r2 61.206..604.7684.78.112266  ((dd3366aaccee66112222ee00aa5599570e258d825447103e95225068dd6802e414c1-3r9e5f2s0/6bdr6a0nec1hc--hreeafdss//b6r4a7n8c@h{-#h1e5a9d1s}/)6 4o78@n{ #p1o5r9t1 }1)8 3o4n5 
poOrntl y26 0l6o5c
aOln lcyo nlnoeccatli ocnosn naercet iaolnlso waered .a
Pleasle lsoewee dh.t
tPplse:a/s/ec hsreoem ehdtrtipvse:r/./cchhrroommeidurmi.voerrg./cshercoumriiutmy.-ocrog/secnurity-conssiiddeerraattioinons fsor  fsourg gseusgtgieosntsi oonns  koene pkienegp iCnhgr oCmherDormievDerri vsearf es.a
fe.
CChhrroommeeDDrriivveerr  wwaass s startetda rstucceeds ssfuulclcye.s
sfully.
Jul 19, 2024 11:43:23 AM org.openqa.selenium.remote.ProtocolHandshake createSession
INFO: Detected dialect: W3C
Jul 19, 2024 11:43:23 AM org.openqa.selenium.remote.ProtocolHandshake createSession
INFO: Detected dialect: W3C
]]></system-err>
  </testcase>
  <testcase name="createB2BOrder" classname="com.lkhoaa.testCases.outbound.CreateB2BOrder" time="16.109">
    <failure message="Expected condition failed: waiting for element to be clickable: By.id: react-select-2-input (tried for 10 second(s) with 500 milliseconds interval)" type="org.openqa.selenium.TimeoutException"><![CDATA[org.openqa.selenium.TimeoutException: Expected condition failed: waiting for element to be clickable: By.id: react-select-2-input (tried for 10 second(s) with 500 milliseconds interval)
	at com.lkhoaa.testCases.outbound.CreateB2BOrder.createB2BOrder(CreateB2BOrder.java:28)
Caused by: org.openqa.selenium.NoSuchElementException: 
no such element: Unable to locate element: {"method":"css selector","selector":"#react\-select\-2\-input"}
  (Session info: chrome=126.0.6478.127)
For documentation on this error, please visit: https://www.seleniumhq.org/exceptions/no_such_element.html
Build info: version: '3.141.59', revision: 'e82be7d358', time: '2018-11-14T08:17:03'
System info: host: 'OP-LT-0404.local', ip: 'fe80:0:0:0:ac:9749:b1ba:8647%en0', os.name: 'Mac OS X', os.arch: 'aarch64', os.version: '14.5', java.version: '11.0.20'
Driver info: org.openqa.selenium.chrome.ChromeDriver
Capabilities {acceptInsecureCerts: false, browserName: chrome, browserVersion: 126.0.6478.127, chrome: {chromedriverVersion: 126.0.6478.126 (d36ace6122e..., userDataDir: /var/folders/6q/h7zm4kv13tn...}, fedcm:accounts: true, goog:chromeOptions: {debuggerAddress: localhost:54738}, javascriptEnabled: true, networkConnectionEnabled: false, pageLoadStrategy: normal, platform: MAC, platformName: MAC, proxy: Proxy(), setWindowRect: true, strictFileInteractability: false, timeouts: {implicit: 0, pageLoad: 300000, script: 30000}, unhandledPromptBehavior: dismiss and notify, webauthn:extension:credBlob: true, webauthn:extension:largeBlob: true, webauthn:extension:minPinLength: true, webauthn:extension:prf: true, webauthn:virtualAuthenticators: true}
Session ID: 8d41e2babe5c19e8092ac6bbdc753e57
*** Element info: {Using=id, value=react-select-2-input}
	at com.lkhoaa.testCases.outbound.CreateB2BOrder.createB2BOrder(CreateB2BOrder.java:28)
]]></failure>
  </testcase>
</testsuite>